2025-01-31 10:25:59,509 - INFO - Усі необхідні файли знайдено.
2025-01-31 10:26:00,150 - INFO - Усі файли CSV успішно завантажено.
2025-01-31 10:26:00,150 - INFO - Файл trans: 1056320 рядків, 10 колонок
2025-01-31 10:26:00,150 - INFO - Файл loan: 682 рядків, 7 колонок
2025-01-31 10:26:00,150 - INFO - Файл account: 4500 рядків, 4 колонок
2025-01-31 10:26:00,151 - INFO - Файл client: 5369 рядків, 3 колонок
2025-01-31 10:26:00,151 - INFO - Файл disp: 5369 рядків, 4 колонок
2025-01-31 10:26:00,151 - INFO - disp.csv містить всі необхідні стовпці.
2025-01-31 10:26:00,151 - INFO - Починаємо злиття disp з client...
2025-01-31 10:26:00,152 - INFO - Після злиття disp з client: 5369 рядків
2025-01-31 10:26:00,152 - INFO - Починаємо злиття з account...
2025-01-31 10:26:00,154 - INFO - Після злиття з account: 5369 рядків
2025-01-31 10:26:00,154 - INFO - Починаємо злиття з trans...
2025-01-31 10:26:00,409 - INFO - Після злиття з trans: 1262625 рядків
2025-01-31 10:26:00,409 - INFO - Починаємо злиття з loan...
2025-01-31 10:26:00,624 - INFO - Після злиття з loan: 1262625 рядків
2025-01-31 10:26:00,624 - INFO - Розмір df після всіх злиттів: (1262625, 24)
2025-01-31 10:26:00,634 - INFO - Замінено NaN у 'loan_amount' на 0
2025-01-31 10:26:00,662 - INFO - 'loan_date' оброблено успішно.
2025-01-31 10:26:00,667 - INFO - Замінено NaN у 'trans_amount' на 0
2025-01-31 10:26:00,946 - INFO - 'trans_date' оброблено успішно.
2025-01-31 10:26:00,949 - INFO - Замінено NaN у 'balance' на 0
2025-01-31 10:26:00,950 - INFO - Починаємо обробку 'birth_number'...
2025-01-31 10:26:02,420 - INFO - Обробка 'birth_number' завершена.
2025-01-31 10:26:02,420 - INFO - Після обробки birth_number, розмір df: (1262625, 26) рядків
2025-01-31 10:26:02,420 - INFO - Усі необхідні числові стовпці присутні.
2025-01-31 10:26:02,421 - INFO - Перекодовування 'gender'...
2025-01-31 10:26:02,519 - INFO - Перекодовування 'trans_type'...
2025-01-31 10:26:02,660 - WARNING - 'loan_type' відсутній у даних. Призначаємо 0.
2025-01-31 10:26:02,661 - INFO - Починаємо масштабування числових даних...
2025-01-31 10:26:02,677 - INFO - Масштабування trans_amount виконано.
2025-01-31 10:26:02,691 - INFO - Масштабування loan_amount виконано.
2025-01-31 10:26:02,706 - INFO - Масштабування balance виконано.
2025-01-31 10:26:02,721 - INFO - Масштабування 'age_scaled' виконано.
2025-01-31 10:26:02,721 - INFO - Після масштабування числових даних, розмір df: (1262625, 33) рядків, 33 стовпців.
2025-01-31 10:26:02,721 - INFO - Розпочато завдання класифікації дефолту...
2025-01-31 10:26:02,747 - INFO - Розділення даних на тренувальні та тестові...
2025-01-31 10:26:03,070 - INFO - Навчання Logistic Regression...
2025-01-31 10:26:05,238 - INFO - Навчання Random Forest Classifier...
2025-01-31 10:26:12,136 - INFO - Класифікація дефолту завершена.
2025-01-31 10:26:12,139 - INFO - Розпочато завдання регресії транзакцій...
2025-01-31 10:26:12,157 - INFO - Розділення даних на тренувальні та тестові...
2025-01-31 10:26:12,251 - INFO - Навчання Linear Regression...
2025-01-31 10:26:12,332 - INFO - Навчання Random Forest Regressor...
2025-01-31 10:26:57,408 - INFO - Регресія транзакцій завершена.
2025-01-31 10:26:57,537 - INFO - Розпочато завдання кластеризації клієнтів...
2025-01-31 10:26:57,545 - INFO - Навчання MiniBatchKMeans кластеризатора...
2025-01-31 10:26:58,228 - INFO - Обчислення Silhouette Score для MiniBatchKMeans...
2025-01-31 10:26:59,236 - INFO - Навчання Random Forest Classifier для кластеризації...
2025-01-31 10:27:04,819 - INFO - Обчислення Silhouette Score для Random Forest Classification...
2025-01-31 10:27:05,781 - INFO - Кластеризація клієнтів завершена.
2025-01-31 10:27:05,782 - INFO - Розпочато завдання виявлення залежностей...
2025-01-31 10:27:05,812 - INFO - Розділення даних на тренувальні та тестові...
2025-01-31 10:27:06,120 - INFO - Навчання Support Vector Machine...
2025-01-31 10:31:59,156 - INFO - Усі необхідні файли знайдено.
2025-01-31 10:31:59,753 - INFO - Усі файли CSV успішно завантажено.
2025-01-31 10:31:59,753 - INFO - Файл trans: 1056320 рядків, 10 колонок
2025-01-31 10:31:59,753 - INFO - Файл loan: 682 рядків, 7 колонок
2025-01-31 10:31:59,753 - INFO - Файл account: 4500 рядків, 4 колонок
2025-01-31 10:31:59,753 - INFO - Файл client: 5369 рядків, 3 колонок
2025-01-31 10:31:59,754 - INFO - Файл disp: 5369 рядків, 4 колонок
2025-01-31 10:31:59,754 - INFO - disp.csv містить всі необхідні стовпці.
2025-01-31 10:31:59,754 - INFO - Починаємо злиття disp з client...
2025-01-31 10:31:59,755 - INFO - Після злиття disp з client: 5369 рядків
2025-01-31 10:31:59,755 - INFO - Починаємо злиття з account...
2025-01-31 10:31:59,757 - INFO - Після злиття з account: 5369 рядків
2025-01-31 10:31:59,757 - INFO - Починаємо злиття з trans...
2025-01-31 10:32:00,017 - INFO - Після злиття з trans: 1262625 рядків
2025-01-31 10:32:00,017 - INFO - Починаємо злиття з loan...
2025-01-31 10:32:00,223 - INFO - Після злиття з loan: 1262625 рядків
2025-01-31 10:32:00,223 - INFO - Розмір df після всіх злиттів: (1262625, 24)
2025-01-31 10:32:00,229 - INFO - Замінено NaN у 'loan_amount' на 0
2025-01-31 10:32:00,252 - INFO - 'loan_date' оброблено успішно.
2025-01-31 10:32:00,256 - INFO - Замінено NaN у 'trans_amount' на 0
2025-01-31 10:32:00,538 - INFO - 'trans_date' оброблено успішно.
2025-01-31 10:32:00,542 - INFO - Замінено NaN у 'balance' на 0
2025-01-31 10:32:00,542 - INFO - Починаємо обробку 'birth_number'...
2025-01-31 10:32:02,000 - INFO - Обробка 'birth_number' завершена.
2025-01-31 10:32:02,000 - INFO - Після обробки birth_number, розмір df: (1262625, 26) рядків
2025-01-31 10:32:02,000 - INFO - Усі необхідні числові стовпці присутні.
2025-01-31 10:32:02,000 - INFO - Перекодовування 'gender'...
2025-01-31 10:32:02,100 - INFO - Перекодовування 'trans_type'...
2025-01-31 10:32:02,246 - WARNING - 'loan_type' відсутній у даних. Призначаємо 0.
2025-01-31 10:32:02,247 - INFO - Починаємо масштабування числових даних...
2025-01-31 10:36:04,813 - INFO - Усі необхідні файли знайдено.
2025-01-31 10:36:05,409 - INFO - Усі файли CSV успішно завантажено.
2025-01-31 10:36:05,409 - INFO - Файл trans: 1056320 рядків, 10 колонок
2025-01-31 10:36:05,409 - INFO - Файл loan: 682 рядків, 7 колонок
2025-01-31 10:36:05,409 - INFO - Файл account: 4500 рядків, 4 колонок
2025-01-31 10:36:05,409 - INFO - Файл client: 5369 рядків, 3 колонок
2025-01-31 10:36:05,409 - INFO - Файл disp: 5369 рядків, 4 колонок
2025-01-31 10:36:05,409 - INFO - disp.csv містить всі необхідні стовпці.
2025-01-31 10:36:05,409 - INFO - Починаємо злиття disp з client...
2025-01-31 10:36:05,411 - INFO - Після злиття disp з client: 5369 рядків
2025-01-31 10:36:05,411 - INFO - Починаємо злиття з account...
2025-01-31 10:36:05,412 - INFO - Після злиття з account: 5369 рядків
2025-01-31 10:36:05,412 - INFO - Починаємо злиття з trans...
2025-01-31 10:36:05,670 - INFO - Після злиття з trans: 1262625 рядків
2025-01-31 10:36:05,670 - INFO - Починаємо злиття з loan...
2025-01-31 10:36:05,875 - INFO - Після злиття з loan: 1262625 рядків
2025-01-31 10:36:05,875 - INFO - Розмір df після всіх злиттів: (1262625, 24)
2025-01-31 10:36:05,881 - INFO - Замінено NaN у 'loan_amount' на 0
2025-01-31 10:36:05,904 - INFO - 'loan_date' оброблено успішно.
2025-01-31 10:36:05,908 - INFO - Замінено NaN у 'trans_amount' на 0
2025-01-31 10:36:06,189 - INFO - 'trans_date' оброблено успішно.
2025-01-31 10:36:06,192 - INFO - Замінено NaN у 'balance' на 0
2025-01-31 10:36:06,192 - INFO - Починаємо обробку 'birth_number'...
2025-01-31 10:36:07,699 - INFO - Обробка 'birth_number' завершена.
2025-01-31 10:36:07,699 - INFO - Після обробки birth_number, розмір df: (1262625, 26) рядків
2025-01-31 10:36:07,699 - INFO - Усі необхідні числові стовпці присутні.
2025-01-31 10:36:07,699 - INFO - Перекодовування 'gender'...
2025-01-31 10:36:07,796 - INFO - Перекодовування 'trans_type'...
2025-01-31 10:36:07,934 - WARNING - 'loan_type' відсутній у даних. Призначаємо 0.
2025-01-31 10:36:07,936 - INFO - Починаємо масштабування числових даних...
2025-01-31 10:36:08,054 - INFO - Масштабування числових даних виконано успішно. Розмір df: (1262625, 30) рядків, 30 стовпців.
2025-01-31 10:36:08,055 - INFO - Генерація спарклайнів для топ-10 банків...
2025-01-31 10:36:08,797 - INFO - Генерація спарклайнів завершена.
2025-01-31 10:36:08,797 - INFO - Розпочато завдання класифікації дефолту...
2025-01-31 10:36:08,821 - INFO - Розділення даних на тренувальні та тестові...
2025-01-31 10:36:09,112 - INFO - Навчання Logistic Regression...
2025-01-31 10:36:11,259 - INFO - Навчання Random Forest Classifier...
2025-01-31 10:36:17,757 - INFO - Класифікація дефолту завершена.
2025-01-31 10:36:17,761 - INFO - Розпочато завдання регресії транзакцій...
2025-01-31 10:36:17,780 - INFO - Розділення даних на тренувальні та тестові...
2025-01-31 10:36:17,861 - INFO - Навчання Linear Regression...
2025-01-31 10:36:17,944 - INFO - Навчання Random Forest Regressor...
2025-01-31 10:37:03,951 - INFO - Регресія транзакцій завершена.
2025-01-31 10:37:04,093 - INFO - Розпочато завдання кластеризації клієнтів...
2025-01-31 10:37:04,100 - INFO - Навчання MiniBatchKMeans кластеризатора...
2025-01-31 10:37:04,629 - INFO - Обчислення Silhouette Score для MiniBatchKMeans...
2025-01-31 10:37:05,557 - INFO - Навчання Random Forest Classifier для кластеризації...
2025-01-31 10:37:10,937 - INFO - Обчислення Silhouette Score для Random Forest Classification...
2025-01-31 10:37:11,895 - INFO - Кластеризація клієнтів завершена.
2025-01-31 10:37:11,896 - INFO - Розпочато завдання виявлення залежностей...
2025-01-31 10:37:11,919 - INFO - Розділення даних на тренувальні та тестові...
2025-01-31 10:37:12,269 - INFO - Навчання Support Vector Machine...
2025-01-31 10:37:59,874 - INFO - Навчання Random Forest Classifier...
2025-01-31 10:38:06,429 - INFO - Виявлення залежностей завершено.
2025-01-31 10:38:58,071 - INFO - Генерація спарклайнів для топ-10 банків...
2025-01-31 10:38:58,835 - INFO - Генерація спарклайнів завершена.
2025-01-31 10:38:59,860 - INFO - Усі необхідні колонки присутні у df перед моделюванням.
2025-01-31 10:38:59,860 - INFO - Запуск Dash додатку...
2025-01-31 10:38:59,861 - INFO - Dash is running on http://127.0.0.1:8050/

2025-01-31 10:39:01,759 - INFO - Усі необхідні файли знайдено.
2025-01-31 10:39:02,374 - INFO - Усі файли CSV успішно завантажено.
2025-01-31 10:39:02,374 - INFO - Файл trans: 1056320 рядків, 10 колонок
2025-01-31 10:39:02,374 - INFO - Файл loan: 682 рядків, 7 колонок
2025-01-31 10:39:02,374 - INFO - Файл account: 4500 рядків, 4 колонок
2025-01-31 10:39:02,375 - INFO - Файл client: 5369 рядків, 3 колонок
2025-01-31 10:39:02,375 - INFO - Файл disp: 5369 рядків, 4 колонок
2025-01-31 10:39:02,375 - INFO - disp.csv містить всі необхідні стовпці.
2025-01-31 10:39:02,375 - INFO - Починаємо злиття disp з client...
2025-01-31 10:39:02,376 - INFO - Після злиття disp з client: 5369 рядків
2025-01-31 10:39:02,376 - INFO - Починаємо злиття з account...
2025-01-31 10:39:02,378 - INFO - Після злиття з account: 5369 рядків
2025-01-31 10:39:02,378 - INFO - Починаємо злиття з trans...
2025-01-31 10:39:02,650 - INFO - Після злиття з trans: 1262625 рядків
2025-01-31 10:39:02,650 - INFO - Починаємо злиття з loan...
2025-01-31 10:39:02,841 - INFO - Після злиття з loan: 1262625 рядків
2025-01-31 10:39:02,841 - INFO - Розмір df після всіх злиттів: (1262625, 24)
2025-01-31 10:39:02,847 - INFO - Замінено NaN у 'loan_amount' на 0
2025-01-31 10:39:02,871 - INFO - 'loan_date' оброблено успішно.
2025-01-31 10:39:02,876 - INFO - Замінено NaN у 'trans_amount' на 0
2025-01-31 10:39:03,151 - INFO - 'trans_date' оброблено успішно.
2025-01-31 10:39:03,154 - INFO - Замінено NaN у 'balance' на 0
2025-01-31 10:39:03,155 - INFO - Починаємо обробку 'birth_number'...
2025-01-31 10:39:04,621 - INFO - Обробка 'birth_number' завершена.
2025-01-31 10:39:04,621 - INFO - Після обробки birth_number, розмір df: (1262625, 26) рядків
2025-01-31 10:39:04,621 - INFO - Усі необхідні числові стовпці присутні.
2025-01-31 10:39:04,621 - INFO - Перекодовування 'gender'...
2025-01-31 10:39:04,724 - INFO - Перекодовування 'trans_type'...
2025-01-31 10:39:04,864 - WARNING - 'loan_type' відсутній у даних. Призначаємо 0.
2025-01-31 10:39:04,866 - INFO - Починаємо масштабування числових даних...
2025-01-31 10:39:04,993 - INFO - Масштабування числових даних виконано успішно. Розмір df: (1262625, 30) рядків, 30 стовпців.
2025-01-31 10:39:04,993 - INFO - Генерація спарклайнів для топ-10 банків...
2025-01-31 10:39:05,728 - INFO - Генерація спарклайнів завершена.
2025-01-31 10:39:05,729 - INFO - Розпочато завдання класифікації дефолту...
2025-01-31 10:39:05,754 - INFO - Розділення даних на тренувальні та тестові...
2025-01-31 10:39:06,054 - INFO - Навчання Logistic Regression...
2025-01-31 10:39:08,277 - INFO - Навчання Random Forest Classifier...
2025-01-31 10:39:14,927 - INFO - Класифікація дефолту завершена.
2025-01-31 10:39:14,929 - INFO - Розпочато завдання регресії транзакцій...
2025-01-31 10:39:14,945 - INFO - Розділення даних на тренувальні та тестові...
2025-01-31 10:39:15,026 - INFO - Навчання Linear Regression...
2025-01-31 10:39:15,112 - INFO - Навчання Random Forest Regressor...
2025-01-31 10:40:00,439 - INFO - Регресія транзакцій завершена.
2025-01-31 10:40:00,603 - INFO - Розпочато завдання кластеризації клієнтів...
2025-01-31 10:40:00,613 - INFO - Навчання MiniBatchKMeans кластеризатора...
2025-01-31 10:40:01,127 - INFO - Обчислення Silhouette Score для MiniBatchKMeans...
2025-01-31 10:40:02,046 - INFO - Навчання Random Forest Classifier для кластеризації...
2025-01-31 10:40:07,230 - INFO - Обчислення Silhouette Score для Random Forest Classification...
2025-01-31 10:40:08,144 - INFO - Кластеризація клієнтів завершена.
2025-01-31 10:40:08,145 - INFO - Розпочато завдання виявлення залежностей...
2025-01-31 10:40:08,172 - INFO - Розділення даних на тренувальні та тестові...
2025-01-31 10:40:08,461 - INFO - Навчання Support Vector Machine...
2025-01-31 10:40:55,409 - INFO - Навчання Random Forest Classifier...
2025-01-31 10:41:02,775 - INFO - Виявлення залежностей завершено.
2025-01-31 10:41:54,761 - INFO - Генерація спарклайнів для топ-10 банків...
2025-01-31 10:41:55,503 - INFO - Генерація спарклайнів завершена.
2025-01-31 10:41:56,210 - INFO - Усі необхідні колонки присутні у df перед моделюванням.
2025-01-31 10:41:56,210 - INFO - Запуск Dash додатку...
2025-01-31 10:42:37,300 - INFO - Оновлення класифікації дефолту з фільтрами: ['Male', 'Female', 'Unknown'], [20, 60]
2025-01-31 10:42:37,342 - INFO - Оновлення регресії з фільтрами: ['Male', 'Female', 'Unknown'], [20, 60]
2025-01-31 10:42:37,378 - INFO - Оновлення кластеризації клієнтів з фільтрами: ['Male', 'Female', 'Unknown'], [20, 60]
2025-01-31 10:42:37,408 - WARNING - Фільтрований датафрейм порожній після фільтрів!
2025-01-31 10:42:37,409 - WARNING - У вихідному df 1262625 рядків перед фільтрацією.
2025-01-31 10:42:37,427 - WARNING - Фільтрований датафрейм порожній після фільтрів!
2025-01-31 10:42:37,427 - WARNING - У вихідному df 1262625 рядків перед фільтрацією.
2025-01-31 10:42:37,443 - WARNING - Кількість унікальних значень статі: ['Male' 'Female']
2025-01-31 10:42:37,445 - WARNING - Фільтрований датафрейм порожній після фільтрів!
2025-01-31 10:42:37,445 - WARNING - У вихідному df 1262625 рядків перед фільтрацією.
2025-01-31 10:42:37,466 - WARNING - Кількість унікальних значень статі: ['Male' 'Female']
2025-01-31 10:42:37,468 - WARNING - Мінімальний та максимальний вік у даних: -2.9634921550750732, 1.5922940969467163
2025-01-31 10:42:37,472 - WARNING - Мінімальний та максимальний вік у даних: -2.9634921550750732, 1.5922940969467163
2025-01-31 10:42:37,476 - WARNING - Кількість унікальних значень статі: ['Male' 'Female']
2025-01-31 10:42:37,480 - WARNING - Мінімальний та максимальний вік у даних: -2.9634921550750732, 1.5922940969467163
2025-01-31 10:43:04,055 - INFO - Оновлення класифікації дефолту з фільтрами: ['Male', 'Female'], [20, 60]
2025-01-31 10:43:04,085 - INFO - Оновлення регресії з фільтрами: ['Male', 'Female'], [20, 60]
2025-01-31 10:43:04,112 - INFO - Оновлення кластеризації клієнтів з фільтрами: ['Male', 'Female'], [20, 60]
2025-01-31 10:43:04,143 - WARNING - Фільтрований датафрейм порожній після фільтрів!
2025-01-31 10:43:04,143 - WARNING - У вихідному df 1262625 рядків перед фільтрацією.
2025-01-31 10:43:04,144 - WARNING - Фільтрований датафрейм порожній після фільтрів!
2025-01-31 10:43:04,159 - WARNING - У вихідному df 1262625 рядків перед фільтрацією.
2025-01-31 10:43:04,177 - WARNING - Кількість унікальних значень статі: ['Male' 'Female']
2025-01-31 10:43:04,178 - WARNING - Фільтрований датафрейм порожній після фільтрів!
2025-01-31 10:43:04,178 - WARNING - У вихідному df 1262625 рядків перед фільтрацією.
2025-01-31 10:43:04,194 - WARNING - Кількість унікальних значень статі: ['Male' 'Female']
2025-01-31 10:43:04,198 - WARNING - Мінімальний та максимальний вік у даних: -2.9634921550750732, 1.5922940969467163
2025-01-31 10:43:04,198 - WARNING - Мінімальний та максимальний вік у даних: -2.9634921550750732, 1.5922940969467163
2025-01-31 10:43:04,205 - WARNING - Кількість унікальних значень статі: ['Male' 'Female']
2025-01-31 10:43:04,207 - WARNING - Мінімальний та максимальний вік у даних: -2.9634921550750732, 1.5922940969467163
2025-01-31 10:43:07,077 - INFO - Оновлення класифікації дефолту з фільтрами: ['Male', 'Female'], [9, 60]
2025-01-31 10:43:07,078 - INFO - Оновлення регресії з фільтрами: ['Male', 'Female'], [9, 60]
2025-01-31 10:43:07,146 - INFO - Оновлення кластеризації клієнтів з фільтрами: ['Male', 'Female'], [9, 60]
2025-01-31 10:43:07,180 - WARNING - Фільтрований датафрейм порожній після фільтрів!
2025-01-31 10:43:07,181 - WARNING - У вихідному df 1262625 рядків перед фільтрацією.
2025-01-31 10:43:07,181 - WARNING - Фільтрований датафрейм порожній після фільтрів!
2025-01-31 10:43:07,196 - WARNING - У вихідному df 1262625 рядків перед фільтрацією.
2025-01-31 10:43:07,214 - WARNING - Кількість унікальних значень статі: ['Male' 'Female']
2025-01-31 10:43:07,215 - WARNING - Фільтрований датафрейм порожній після фільтрів!
2025-01-31 10:43:07,215 - WARNING - У вихідному df 1262625 рядків перед фільтрацією.
2025-01-31 10:43:07,238 - WARNING - Кількість унікальних значень статі: ['Male' 'Female']
2025-01-31 10:43:07,242 - WARNING - Мінімальний та максимальний вік у даних: -2.9634921550750732, 1.5922940969467163
2025-01-31 10:43:07,242 - WARNING - Мінімальний та максимальний вік у даних: -2.9634921550750732, 1.5922940969467163
2025-01-31 10:43:07,254 - WARNING - Кількість унікальних значень статі: ['Male' 'Female']
2025-01-31 10:43:07,259 - WARNING - Мінімальний та максимальний вік у даних: -2.9634921550750732, 1.5922940969467163
2025-01-31 10:43:08,306 - INFO - Оновлення класифікації дефолту з фільтрами: ['Male', 'Female'], [10, 60]
2025-01-31 10:43:08,333 - INFO - Оновлення регресії з фільтрами: ['Male', 'Female'], [10, 60]
2025-01-31 10:43:08,362 - INFO - Оновлення кластеризації клієнтів з фільтрами: ['Male', 'Female'], [10, 60]
2025-01-31 10:43:08,395 - WARNING - Фільтрований датафрейм порожній після фільтрів!
2025-01-31 10:43:08,396 - WARNING - Фільтрований датафрейм порожній після фільтрів!
2025-01-31 10:43:08,396 - WARNING - У вихідному df 1262625 рядків перед фільтрацією.
2025-01-31 10:43:08,396 - WARNING - У вихідному df 1262625 рядків перед фільтрацією.
2025-01-31 10:43:08,397 - WARNING - Фільтрований датафрейм порожній після фільтрів!
2025-01-31 10:43:08,425 - WARNING - У вихідному df 1262625 рядків перед фільтрацією.
2025-01-31 10:43:08,436 - WARNING - Кількість унікальних значень статі: ['Male' 'Female']
2025-01-31 10:43:08,453 - WARNING - Кількість унікальних значень статі: ['Male' 'Female']
2025-01-31 10:43:08,457 - WARNING - Мінімальний та максимальний вік у даних: -2.9634921550750732, 1.5922940969467163
2025-01-31 10:43:08,457 - WARNING - Мінімальний та максимальний вік у даних: -2.9634921550750732, 1.5922940969467163
2025-01-31 10:43:08,465 - WARNING - Кількість унікальних значень статі: ['Male' 'Female']
2025-01-31 10:43:08,468 - WARNING - Мінімальний та максимальний вік у даних: -2.9634921550750732, 1.5922940969467163
2025-01-31 10:43:09,496 - INFO - Оновлення класифікації дефолту з фільтрами: ['Male', 'Female'], [10, 81]
2025-01-31 10:43:09,497 - INFO - Оновлення регресії з фільтрами: ['Male', 'Female'], [10, 81]
2025-01-31 10:43:09,552 - INFO - Оновлення кластеризації клієнтів з фільтрами: ['Male', 'Female'], [10, 81]
2025-01-31 10:43:09,584 - WARNING - Фільтрований датафрейм порожній після фільтрів!
2025-01-31 10:43:09,585 - WARNING - Фільтрований датафрейм порожній після фільтрів!
2025-01-31 10:43:09,585 - WARNING - У вихідному df 1262625 рядків перед фільтрацією.
2025-01-31 10:43:09,585 - WARNING - У вихідному df 1262625 рядків перед фільтрацією.
2025-01-31 10:43:09,619 - WARNING - Кількість унікальних значень статі: ['Male' 'Female']
2025-01-31 10:43:09,619 - WARNING - Фільтрований датафрейм порожній після фільтрів!
2025-01-31 10:43:09,619 - WARNING - У вихідному df 1262625 рядків перед фільтрацією.
2025-01-31 10:43:09,637 - WARNING - Кількість унікальних значень статі: ['Male' 'Female']
2025-01-31 10:43:09,640 - WARNING - Мінімальний та максимальний вік у даних: -2.9634921550750732, 1.5922940969467163
2025-01-31 10:43:09,640 - WARNING - Мінімальний та максимальний вік у даних: -2.9634921550750732, 1.5922940969467163
2025-01-31 10:43:09,647 - WARNING - Кількість унікальних значень статі: ['Male' 'Female']
2025-01-31 10:43:09,650 - WARNING - Мінімальний та максимальний вік у даних: -2.9634921550750732, 1.5922940969467163
2025-01-31 10:57:21,804 - INFO - Усі необхідні файли знайдено.
2025-01-31 10:57:22,420 - INFO - Усі файли CSV успішно завантажено.
2025-01-31 10:57:22,420 - INFO - Файл trans: 1056320 рядків, 10 колонок
2025-01-31 10:57:22,420 - INFO - Файл loan: 682 рядків, 7 колонок
2025-01-31 10:57:22,420 - INFO - Файл account: 4500 рядків, 4 колонок
2025-01-31 10:57:22,420 - INFO - Файл client: 5369 рядків, 3 колонок
2025-01-31 10:57:22,420 - INFO - Файл disp: 5369 рядків, 4 колонок
2025-01-31 10:57:22,420 - INFO - disp.csv містить всі необхідні стовпці.
2025-01-31 10:57:22,420 - INFO - Починаємо злиття disp з client...
2025-01-31 10:57:22,422 - INFO - Після злиття disp з client: 5369 рядків
2025-01-31 10:57:22,422 - INFO - Починаємо злиття з account...
2025-01-31 10:57:22,423 - INFO - Після злиття з account: 5369 рядків
2025-01-31 10:57:22,423 - INFO - Починаємо злиття з trans...
2025-01-31 10:57:22,681 - INFO - Після злиття з trans: 1262625 рядків
2025-01-31 10:57:22,681 - INFO - Починаємо злиття з loan...
2025-01-31 10:57:22,861 - INFO - Після злиття з loan: 1262625 рядків
2025-01-31 10:57:22,861 - INFO - Розмір df після всіх злиттів: (1262625, 24)
2025-01-31 10:57:22,867 - INFO - Замінено NaN у 'loan_amount' на 0
2025-01-31 10:57:22,895 - INFO - 'loan_date' оброблено успішно.
2025-01-31 10:57:22,903 - INFO - Замінено NaN у 'trans_amount' на 0
2025-01-31 10:57:23,197 - INFO - 'trans_date' оброблено успішно.
2025-01-31 10:57:23,201 - INFO - Замінено NaN у 'balance' на 0
2025-01-31 10:57:23,201 - INFO - Починаємо обробку 'birth_number'...
2025-01-31 10:57:24,673 - INFO - Обробка 'birth_number' завершена.
2025-01-31 10:57:24,673 - INFO - Після обробки birth_number, розмір df: (1262625, 26) рядків
2025-01-31 10:57:24,673 - INFO - Усі необхідні числові стовпці присутні.
2025-01-31 10:57:24,673 - INFO - Перекодовування 'gender'...
2025-01-31 10:57:24,771 - INFO - Перекодовування 'trans_type'...
2025-01-31 10:57:24,911 - WARNING - 'loan_type' відсутній у даних. Призначаємо 0.
2025-01-31 10:57:24,912 - INFO - Починаємо масштабування числових даних...
2025-01-31 10:57:25,008 - INFO - Масштабування числових даних виконано успішно. Розмір df: (1262625, 30) рядків, 30 стовпців.
2025-01-31 10:57:25,008 - INFO - Генерація спарклайнів для топ-10 банків...
2025-01-31 10:57:25,764 - INFO - Генерація спарклайнів завершена.
2025-01-31 10:57:25,765 - INFO - Розпочато завдання класифікації дефолту...
2025-01-31 10:57:25,789 - INFO - Розділення даних на тренувальні та тестові...
2025-01-31 10:57:26,087 - INFO - Навчання Logistic Regression...
2025-01-31 10:57:28,146 - INFO - Навчання Random Forest Classifier...
2025-01-31 10:57:35,428 - INFO - Класифікація дефолту завершена.
2025-01-31 10:57:35,431 - INFO - Розпочато завдання регресії транзакцій...
2025-01-31 10:57:35,446 - INFO - Розділення даних на тренувальні та тестові...
2025-01-31 10:57:35,527 - INFO - Навчання Linear Regression...
2025-01-31 10:57:35,606 - INFO - Навчання Random Forest Regressor...
2025-01-31 10:58:22,635 - INFO - Регресія транзакцій завершена.
2025-01-31 10:58:22,767 - INFO - Розпочато завдання кластеризації клієнтів...
2025-01-31 10:58:22,774 - INFO - Навчання MiniBatchKMeans кластеризатора...
2025-01-31 10:58:23,351 - INFO - Обчислення Silhouette Score для MiniBatchKMeans...
2025-01-31 10:58:24,287 - INFO - Навчання Random Forest Classifier для кластеризації...
2025-01-31 10:58:29,546 - INFO - Обчислення Silhouette Score для Random Forest Classification...
2025-01-31 10:58:30,552 - INFO - Кластеризація клієнтів завершена.
2025-01-31 10:58:30,553 - INFO - Розпочато завдання виявлення залежностей...
2025-01-31 10:58:30,579 - INFO - Розділення даних на тренувальні та тестові...
2025-01-31 10:58:30,877 - INFO - Навчання Support Vector Machine...
2025-01-31 10:59:16,350 - INFO - Навчання Random Forest Classifier...
2025-01-31 10:59:23,199 - INFO - Виявлення залежностей завершено.
2025-01-31 11:00:14,837 - INFO - Генерація спарклайнів для топ-10 банків...
2025-01-31 11:00:15,630 - INFO - Генерація спарклайнів завершена.
2025-01-31 11:00:16,338 - INFO - Усі необхідні колонки присутні у df перед моделюванням.
2025-01-31 11:00:16,339 - INFO - Запуск Dash додатку...
2025-01-31 11:00:16,339 - INFO - Dash is running on http://127.0.0.1:8050/

2025-01-31 11:00:18,231 - INFO - Усі необхідні файли знайдено.
2025-01-31 11:00:18,859 - INFO - Усі файли CSV успішно завантажено.
2025-01-31 11:00:18,859 - INFO - Файл trans: 1056320 рядків, 10 колонок
2025-01-31 11:00:18,859 - INFO - Файл loan: 682 рядків, 7 колонок
2025-01-31 11:00:18,859 - INFO - Файл account: 4500 рядків, 4 колонок
2025-01-31 11:00:18,860 - INFO - Файл client: 5369 рядків, 3 колонок
2025-01-31 11:00:18,860 - INFO - Файл disp: 5369 рядків, 4 колонок
2025-01-31 11:00:18,860 - INFO - disp.csv містить всі необхідні стовпці.
2025-01-31 11:00:18,860 - INFO - Починаємо злиття disp з client...
2025-01-31 11:00:18,861 - INFO - Після злиття disp з client: 5369 рядків
2025-01-31 11:00:18,861 - INFO - Починаємо злиття з account...
2025-01-31 11:00:18,863 - INFO - Після злиття з account: 5369 рядків
2025-01-31 11:00:18,863 - INFO - Починаємо злиття з trans...
2025-01-31 11:00:19,132 - INFO - Після злиття з trans: 1262625 рядків
2025-01-31 11:00:19,132 - INFO - Починаємо злиття з loan...
2025-01-31 11:00:19,337 - INFO - Після злиття з loan: 1262625 рядків
2025-01-31 11:00:19,337 - INFO - Розмір df після всіх злиттів: (1262625, 24)
2025-01-31 11:00:19,344 - INFO - Замінено NaN у 'loan_amount' на 0
2025-01-31 11:00:19,368 - INFO - 'loan_date' оброблено успішно.
2025-01-31 11:00:19,372 - INFO - Замінено NaN у 'trans_amount' на 0
2025-01-31 11:00:19,656 - INFO - 'trans_date' оброблено успішно.
2025-01-31 11:00:19,660 - INFO - Замінено NaN у 'balance' на 0
2025-01-31 11:00:19,660 - INFO - Починаємо обробку 'birth_number'...
2025-01-31 11:00:21,136 - INFO - Обробка 'birth_number' завершена.
2025-01-31 11:00:21,136 - INFO - Після обробки birth_number, розмір df: (1262625, 26) рядків
2025-01-31 11:00:21,136 - INFO - Усі необхідні числові стовпці присутні.
2025-01-31 11:00:21,136 - INFO - Перекодовування 'gender'...
2025-01-31 11:00:21,240 - INFO - Перекодовування 'trans_type'...
2025-01-31 11:00:21,383 - WARNING - 'loan_type' відсутній у даних. Призначаємо 0.
2025-01-31 11:00:21,385 - INFO - Починаємо масштабування числових даних...
2025-01-31 11:00:21,495 - INFO - Масштабування числових даних виконано успішно. Розмір df: (1262625, 30) рядків, 30 стовпців.
2025-01-31 11:00:21,495 - INFO - Генерація спарклайнів для топ-10 банків...
2025-01-31 11:00:22,292 - INFO - Генерація спарклайнів завершена.
2025-01-31 11:00:22,293 - INFO - Розпочато завдання класифікації дефолту...
2025-01-31 11:00:22,319 - INFO - Розділення даних на тренувальні та тестові...
2025-01-31 11:00:22,619 - INFO - Навчання Logistic Regression...
2025-01-31 11:00:24,586 - INFO - Навчання Random Forest Classifier...
2025-01-31 11:00:31,055 - INFO - Класифікація дефолту завершена.
2025-01-31 11:00:31,058 - INFO - Розпочато завдання регресії транзакцій...
2025-01-31 11:00:31,074 - INFO - Розділення даних на тренувальні та тестові...
2025-01-31 11:00:31,159 - INFO - Навчання Linear Regression...
2025-01-31 11:00:31,240 - INFO - Навчання Random Forest Regressor...
2025-01-31 11:01:19,206 - INFO - Регресія транзакцій завершена.
2025-01-31 11:01:19,382 - INFO - Розпочато завдання кластеризації клієнтів...
2025-01-31 11:01:19,389 - INFO - Навчання MiniBatchKMeans кластеризатора...
2025-01-31 11:01:19,985 - INFO - Обчислення Silhouette Score для MiniBatchKMeans...
2025-01-31 11:01:20,928 - INFO - Навчання Random Forest Classifier для кластеризації...
2025-01-31 11:01:26,270 - INFO - Обчислення Silhouette Score для Random Forest Classification...
2025-01-31 11:01:27,227 - INFO - Кластеризація клієнтів завершена.
2025-01-31 11:01:27,228 - INFO - Розпочато завдання виявлення залежностей...
2025-01-31 11:01:27,257 - INFO - Розділення даних на тренувальні та тестові...
2025-01-31 11:01:27,561 - INFO - Навчання Support Vector Machine...
2025-01-31 11:02:12,354 - INFO - Навчання Random Forest Classifier...
2025-01-31 11:02:18,804 - INFO - Виявлення залежностей завершено.
2025-01-31 11:03:09,354 - INFO - Генерація спарклайнів для топ-10 банків...
2025-01-31 11:03:10,306 - INFO - Генерація спарклайнів завершена.
2025-01-31 11:03:11,217 - INFO - Усі необхідні колонки присутні у df перед моделюванням.
2025-01-31 11:03:11,217 - INFO - Запуск Dash додатку...
2025-01-31 11:10:33,041 - INFO - Усі необхідні файли знайдено.
2025-01-31 11:10:33,655 - INFO - Усі файли CSV успішно завантажено.
2025-01-31 11:10:33,655 - INFO - Файл trans: 1056320 рядків, 10 колонок
2025-01-31 11:10:33,655 - INFO - Файл loan: 682 рядків, 7 колонок
2025-01-31 11:10:33,655 - INFO - Файл account: 4500 рядків, 4 колонок
2025-01-31 11:10:33,655 - INFO - Файл client: 5369 рядків, 3 колонок
2025-01-31 11:10:33,655 - INFO - Файл disp: 5369 рядків, 4 колонок
2025-01-31 11:10:33,655 - INFO - disp.csv містить всі необхідні стовпці.
2025-01-31 11:10:33,656 - INFO - Починаємо злиття disp з client...
2025-01-31 11:10:33,657 - INFO - Після злиття disp з client: 5369 рядків
2025-01-31 11:10:33,657 - INFO - Починаємо злиття з account...
2025-01-31 11:10:33,658 - INFO - Після злиття з account: 5369 рядків
2025-01-31 11:10:33,659 - INFO - Починаємо злиття з trans...
2025-01-31 11:10:33,937 - INFO - Після злиття з trans: 1262625 рядків
2025-01-31 11:10:33,937 - INFO - Починаємо злиття з loan...
2025-01-31 11:10:34,115 - INFO - Після злиття з loan: 1262625 рядків
2025-01-31 11:10:34,116 - INFO - Розмір df після всіх злиттів: (1262625, 24)
2025-01-31 11:10:34,121 - INFO - Замінено NaN у 'loan_amount' на 0
2025-01-31 11:10:34,143 - INFO - 'loan_date' оброблено успішно.
2025-01-31 11:10:34,147 - INFO - Замінено NaN у 'trans_amount' на 0
2025-01-31 11:10:34,421 - INFO - 'trans_date' оброблено успішно.
2025-01-31 11:10:34,424 - INFO - Замінено NaN у 'balance' на 0
2025-01-31 11:10:34,424 - INFO - Починаємо обробку 'birth_number'...
2025-01-31 11:10:35,903 - INFO - Обробка 'birth_number' завершена.
2025-01-31 11:10:35,903 - INFO - Після обробки birth_number, розмір df: (1262625, 26) рядків
2025-01-31 11:10:35,903 - INFO - Усі необхідні числові стовпці присутні.
2025-01-31 11:10:35,903 - INFO - Перекодовування 'gender'...
2025-01-31 11:10:36,002 - INFO - Перекодовування 'trans_type'...
2025-01-31 11:10:36,143 - WARNING - 'loan_type' відсутній у даних. Призначаємо 0.
2025-01-31 11:10:36,144 - INFO - Починаємо масштабування числових даних...
2025-01-31 11:10:36,236 - INFO - Масштабування числових даних виконано успішно. Розмір df: (1262625, 30) рядків, 30 стовпців.
2025-01-31 11:10:36,236 - INFO - Генерація спарклайнів для топ-10 банків...
2025-01-31 11:10:36,975 - INFO - Генерація спарклайнів завершена.
2025-01-31 11:10:36,976 - INFO - Розпочато завдання класифікації дефолту...
2025-01-31 11:10:36,999 - INFO - Розділення даних на тренувальні та тестові...
2025-01-31 11:10:37,296 - INFO - Навчання Logistic Regression...
2025-01-31 11:10:39,524 - INFO - Навчання Random Forest Classifier...
2025-01-31 11:10:46,395 - INFO - Класифікація дефолту завершена.
2025-01-31 11:10:46,398 - INFO - Розпочато завдання регресії транзакцій...
2025-01-31 11:10:46,413 - INFO - Розділення даних на тренувальні та тестові...
2025-01-31 11:10:46,500 - INFO - Навчання Linear Regression...
2025-01-31 11:10:46,580 - INFO - Навчання Random Forest Regressor...
2025-01-31 11:11:33,465 - INFO - Регресія транзакцій завершена.
2025-01-31 11:11:33,594 - INFO - Розпочато завдання кластеризації клієнтів...
2025-01-31 11:11:33,602 - INFO - Навчання MiniBatchKMeans кластеризатора...
2025-01-31 11:11:34,114 - INFO - Обчислення Silhouette Score для MiniBatchKMeans...
2025-01-31 11:11:35,095 - INFO - Навчання Random Forest Classifier для кластеризації...
2025-01-31 11:11:40,039 - INFO - Обчислення Silhouette Score для Random Forest Classification...
2025-01-31 11:11:40,989 - INFO - Кластеризація клієнтів завершена.
2025-01-31 11:11:40,990 - INFO - Розпочато завдання виявлення залежностей...
2025-01-31 11:11:41,017 - INFO - Розділення даних на тренувальні та тестові...
2025-01-31 11:11:41,303 - INFO - Навчання Support Vector Machine...
2025-01-31 11:12:25,378 - INFO - Навчання Random Forest Classifier...
2025-01-31 11:12:31,688 - INFO - Виявлення залежностей завершено.
2025-01-31 11:13:23,963 - INFO - Генерація спарклайнів для топ-10 банків...
2025-01-31 11:13:24,706 - INFO - Генерація спарклайнів завершена.
2025-01-31 11:13:25,411 - INFO - Усі необхідні колонки присутні у df перед моделюванням.
2025-01-31 11:13:25,411 - INFO - Запуск Dash додатку...
2025-01-31 11:13:25,412 - INFO - Dash is running on http://127.0.0.1:8050/

2025-01-31 11:13:27,287 - INFO - Усі необхідні файли знайдено.
2025-01-31 11:13:27,923 - INFO - Усі файли CSV успішно завантажено.
2025-01-31 11:13:27,923 - INFO - Файл trans: 1056320 рядків, 10 колонок
2025-01-31 11:13:27,923 - INFO - Файл loan: 682 рядків, 7 колонок
2025-01-31 11:13:27,923 - INFO - Файл account: 4500 рядків, 4 колонок
2025-01-31 11:13:27,923 - INFO - Файл client: 5369 рядків, 3 колонок
2025-01-31 11:13:27,923 - INFO - Файл disp: 5369 рядків, 4 колонок
2025-01-31 11:13:27,923 - INFO - disp.csv містить всі необхідні стовпці.
2025-01-31 11:13:27,923 - INFO - Починаємо злиття disp з client...
2025-01-31 11:13:27,925 - INFO - Після злиття disp з client: 5369 рядків
2025-01-31 11:13:27,925 - INFO - Починаємо злиття з account...
2025-01-31 11:13:27,926 - INFO - Після злиття з account: 5369 рядків
2025-01-31 11:13:27,926 - INFO - Починаємо злиття з trans...
2025-01-31 11:13:28,196 - INFO - Після злиття з trans: 1262625 рядків
2025-01-31 11:13:28,196 - INFO - Починаємо злиття з loan...
2025-01-31 11:13:28,393 - INFO - Після злиття з loan: 1262625 рядків
2025-01-31 11:13:28,394 - INFO - Розмір df після всіх злиттів: (1262625, 24)
2025-01-31 11:13:28,400 - INFO - Замінено NaN у 'loan_amount' на 0
2025-01-31 11:13:28,424 - INFO - 'loan_date' оброблено успішно.
2025-01-31 11:13:28,428 - INFO - Замінено NaN у 'trans_amount' на 0
2025-01-31 11:13:28,706 - INFO - 'trans_date' оброблено успішно.
2025-01-31 11:13:28,710 - INFO - Замінено NaN у 'balance' на 0
2025-01-31 11:13:28,710 - INFO - Починаємо обробку 'birth_number'...
2025-01-31 11:13:30,194 - INFO - Обробка 'birth_number' завершена.
2025-01-31 11:13:30,194 - INFO - Після обробки birth_number, розмір df: (1262625, 26) рядків
2025-01-31 11:13:30,194 - INFO - Усі необхідні числові стовпці присутні.
2025-01-31 11:13:30,194 - INFO - Перекодовування 'gender'...
2025-01-31 11:13:30,297 - INFO - Перекодовування 'trans_type'...
2025-01-31 11:13:30,436 - WARNING - 'loan_type' відсутній у даних. Призначаємо 0.
2025-01-31 11:13:30,438 - INFO - Починаємо масштабування числових даних...
2025-01-31 11:13:30,542 - INFO - Масштабування числових даних виконано успішно. Розмір df: (1262625, 30) рядків, 30 стовпців.
2025-01-31 11:13:30,542 - INFO - Генерація спарклайнів для топ-10 банків...
2025-01-31 11:13:31,296 - INFO - Генерація спарклайнів завершена.
2025-01-31 11:13:31,297 - INFO - Розпочато завдання класифікації дефолту...
2025-01-31 11:13:31,322 - INFO - Розділення даних на тренувальні та тестові...
2025-01-31 11:13:31,647 - INFO - Навчання Logistic Regression...
2025-01-31 11:13:33,625 - INFO - Навчання Random Forest Classifier...
2025-01-31 11:13:39,948 - INFO - Класифікація дефолту завершена.
2025-01-31 11:13:39,951 - INFO - Розпочато завдання регресії транзакцій...
2025-01-31 11:13:39,969 - INFO - Розділення даних на тренувальні та тестові...
2025-01-31 11:13:40,052 - INFO - Навчання Linear Regression...
2025-01-31 11:13:40,128 - INFO - Навчання Random Forest Regressor...
2025-01-31 11:14:24,484 - INFO - Регресія транзакцій завершена.
2025-01-31 11:14:24,677 - INFO - Розпочато завдання кластеризації клієнтів...
2025-01-31 11:14:24,684 - INFO - Навчання MiniBatchKMeans кластеризатора...
2025-01-31 11:14:25,216 - INFO - Обчислення Silhouette Score для MiniBatchKMeans...
2025-01-31 11:14:26,129 - INFO - Навчання Random Forest Classifier для кластеризації...
2025-01-31 11:14:31,218 - INFO - Обчислення Silhouette Score для Random Forest Classification...
2025-01-31 11:14:32,147 - INFO - Кластеризація клієнтів завершена.
2025-01-31 11:14:32,148 - INFO - Розпочато завдання виявлення залежностей...
2025-01-31 11:14:32,177 - INFO - Розділення даних на тренувальні та тестові...
2025-01-31 11:14:32,476 - INFO - Навчання Support Vector Machine...
2025-01-31 11:15:16,624 - INFO - Навчання Random Forest Classifier...
2025-01-31 11:15:23,039 - INFO - Виявлення залежностей завершено.
2025-01-31 11:16:10,054 - INFO - Генерація спарклайнів для топ-10 банків...
2025-01-31 11:16:10,815 - INFO - Генерація спарклайнів завершена.
2025-01-31 11:16:11,508 - INFO - Усі необхідні колонки присутні у df перед моделюванням.
2025-01-31 11:16:11,508 - INFO - Запуск Dash додатку...
2025-02-03 10:54:23,212 - INFO - Усі необхідні файли знайдено.
2025-02-03 10:54:23,868 - INFO - Усі файли CSV успішно завантажено.
2025-02-03 10:54:23,868 - INFO - Файл trans: 1056320 рядків, 10 колонок
2025-02-03 10:54:23,868 - INFO - Файл loan: 682 рядків, 7 колонок
2025-02-03 10:54:23,868 - INFO - Файл account: 4500 рядків, 4 колонок
2025-02-03 10:54:23,868 - INFO - Файл client: 5369 рядків, 3 колонок
2025-02-03 10:54:23,868 - INFO - Файл disp: 5369 рядків, 4 колонок
2025-02-03 10:54:23,868 - INFO - disp.csv містить всі необхідні стовпці.
2025-02-03 10:54:23,869 - INFO - Починаємо злиття disp з client...
2025-02-03 10:54:23,870 - INFO - Після злиття disp з client: 5369 рядків
2025-02-03 10:54:23,871 - INFO - Починаємо злиття з account...
2025-02-03 10:54:23,873 - INFO - Після злиття з account: 5369 рядків
2025-02-03 10:54:23,873 - INFO - Починаємо злиття з trans...
2025-02-03 10:54:24,152 - INFO - Після злиття з trans: 1262625 рядків
2025-02-03 10:54:24,153 - INFO - Починаємо злиття з loan...
2025-02-03 10:54:24,354 - INFO - Після злиття з loan: 1262625 рядків
2025-02-03 10:54:24,354 - INFO - Розмір df після всіх злиттів: (1262625, 24)
2025-02-03 10:54:24,360 - INFO - Замінено NaN у 'loan_amount' на 0
2025-02-03 10:54:24,385 - INFO - 'loan_date' оброблено успішно.
2025-02-03 10:54:24,389 - INFO - Замінено NaN у 'trans_amount' на 0
2025-02-03 10:54:24,637 - INFO - 'trans_date' оброблено успішно.
2025-02-03 10:54:24,641 - INFO - Замінено NaN у 'balance' на 0
2025-02-03 10:54:24,641 - INFO - Починаємо обробку 'birth_number'...
2025-02-03 10:54:26,146 - INFO - Обробка 'birth_number' завершена.
2025-02-03 10:54:26,147 - INFO - Після обробки birth_number, розмір df: (1262625, 26) рядків
2025-02-03 10:54:26,147 - INFO - Усі необхідні числові стовпці присутні.
2025-02-03 10:54:26,147 - INFO - Перекодовування 'gender'...
2025-02-03 10:54:26,250 - INFO - Перекодовування 'trans_type'...
2025-02-03 10:54:26,394 - WARNING - 'loan_type' відсутній у даних. Призначаємо 0.
2025-02-03 10:54:26,396 - INFO - Починаємо масштабування числових даних...
2025-02-03 10:54:26,504 - INFO - Масштабування числових даних виконано успішно. Розмір df: (1262625, 30) рядків, 30 стовпців.
2025-02-03 10:54:26,504 - INFO - Генерація спарклайнів для топ-10 банків...
2025-02-03 10:54:27,262 - INFO - Генерація спарклайнів завершена.
2025-02-03 10:54:27,263 - INFO - Розпочато завдання класифікації дефолту...
2025-02-03 10:54:27,290 - INFO - Розділення даних на тренувальні та тестові...
2025-02-03 10:54:27,590 - INFO - Навчання Logistic Regression...
2025-02-03 10:54:29,664 - INFO - Навчання Random Forest Classifier...
2025-02-03 10:54:36,855 - INFO - Класифікація дефолту завершена.
2025-02-03 10:54:36,857 - INFO - Розпочато завдання регресії транзакцій...
2025-02-03 10:54:36,874 - INFO - Розділення даних на тренувальні та тестові...
2025-02-03 10:54:36,983 - INFO - Навчання Linear Regression...
2025-02-03 10:54:37,072 - INFO - Навчання Random Forest Regressor...
2025-02-03 10:55:28,714 - INFO - Регресія транзакцій завершена.
2025-02-03 10:55:28,943 - INFO - Розпочато завдання кластеризації клієнтів...
2025-02-03 10:55:28,959 - INFO - Навчання MiniBatchKMeans кластеризатора...
2025-02-03 10:55:29,574 - INFO - Обчислення Silhouette Score для MiniBatchKMeans...
2025-02-03 10:55:30,521 - INFO - Навчання Random Forest Classifier для кластеризації...
2025-02-03 10:55:36,894 - INFO - Обчислення Silhouette Score для Random Forest Classification...
2025-02-03 10:55:37,854 - INFO - Кластеризація клієнтів завершена.
2025-02-03 10:55:37,855 - INFO - Розпочато завдання виявлення залежностей...
2025-02-03 10:55:37,886 - INFO - Розділення даних на тренувальні та тестові...
2025-02-03 10:55:38,238 - INFO - Навчання Support Vector Machine...
2025-02-03 10:56:26,151 - INFO - Навчання Random Forest Classifier...
2025-02-03 10:56:33,357 - INFO - Виявлення залежностей завершено.
2025-02-03 10:57:28,980 - INFO - Генерація спарклайнів для топ-10 банків...
2025-02-03 10:57:29,757 - INFO - Генерація спарклайнів завершена.
2025-02-03 10:57:30,784 - INFO - Усі необхідні колонки присутні у df перед моделюванням.
2025-02-03 10:57:30,784 - INFO - Запуск Dash додатку...
2025-02-03 10:57:30,785 - INFO - Dash is running on http://127.0.0.1:8050/

2025-02-03 10:57:32,879 - INFO - Усі необхідні файли знайдено.
2025-02-03 10:57:33,509 - INFO - Усі файли CSV успішно завантажено.
2025-02-03 10:57:33,510 - INFO - Файл trans: 1056320 рядків, 10 колонок
2025-02-03 10:57:33,510 - INFO - Файл loan: 682 рядків, 7 колонок
2025-02-03 10:57:33,510 - INFO - Файл account: 4500 рядків, 4 колонок
2025-02-03 10:57:33,510 - INFO - Файл client: 5369 рядків, 3 колонок
2025-02-03 10:57:33,510 - INFO - Файл disp: 5369 рядків, 4 колонок
2025-02-03 10:57:33,510 - INFO - disp.csv містить всі необхідні стовпці.
2025-02-03 10:57:33,510 - INFO - Починаємо злиття disp з client...
2025-02-03 10:57:33,511 - INFO - Після злиття disp з client: 5369 рядків
2025-02-03 10:57:33,511 - INFO - Починаємо злиття з account...
2025-02-03 10:57:33,513 - INFO - Після злиття з account: 5369 рядків
2025-02-03 10:57:33,513 - INFO - Починаємо злиття з trans...
2025-02-03 10:57:33,808 - INFO - Після злиття з trans: 1262625 рядків
2025-02-03 10:57:33,808 - INFO - Починаємо злиття з loan...
2025-02-03 10:57:34,015 - INFO - Після злиття з loan: 1262625 рядків
2025-02-03 10:57:34,016 - INFO - Розмір df після всіх злиттів: (1262625, 24)
2025-02-03 10:57:34,022 - INFO - Замінено NaN у 'loan_amount' на 0
2025-02-03 10:57:34,047 - INFO - 'loan_date' оброблено успішно.
2025-02-03 10:57:34,051 - INFO - Замінено NaN у 'trans_amount' на 0
2025-02-03 10:57:34,300 - INFO - 'trans_date' оброблено успішно.
2025-02-03 10:57:34,304 - INFO - Замінено NaN у 'balance' на 0
2025-02-03 10:57:34,304 - INFO - Починаємо обробку 'birth_number'...
2025-02-03 10:57:35,815 - INFO - Обробка 'birth_number' завершена.
2025-02-03 10:57:35,815 - INFO - Після обробки birth_number, розмір df: (1262625, 26) рядків
2025-02-03 10:57:35,816 - INFO - Усі необхідні числові стовпці присутні.
2025-02-03 10:57:35,816 - INFO - Перекодовування 'gender'...
2025-02-03 10:57:35,919 - INFO - Перекодовування 'trans_type'...
2025-02-03 10:57:36,068 - WARNING - 'loan_type' відсутній у даних. Призначаємо 0.
2025-02-03 10:57:36,070 - INFO - Починаємо масштабування числових даних...
2025-02-03 10:57:36,186 - INFO - Масштабування числових даних виконано успішно. Розмір df: (1262625, 30) рядків, 30 стовпців.
2025-02-03 10:57:36,186 - INFO - Генерація спарклайнів для топ-10 банків...
2025-02-03 10:57:36,933 - INFO - Генерація спарклайнів завершена.
2025-02-03 10:57:36,934 - INFO - Розпочато завдання класифікації дефолту...
2025-02-03 10:57:36,960 - INFO - Розділення даних на тренувальні та тестові...
2025-02-03 10:57:37,283 - INFO - Навчання Logistic Regression...
2025-02-03 10:57:39,503 - INFO - Навчання Random Forest Classifier...
2025-02-03 10:57:46,856 - INFO - Класифікація дефолту завершена.
2025-02-03 10:57:46,860 - INFO - Розпочато завдання регресії транзакцій...
2025-02-03 10:57:46,875 - INFO - Розділення даних на тренувальні та тестові...
2025-02-03 10:57:46,967 - INFO - Навчання Linear Regression...
2025-02-03 10:57:47,055 - INFO - Навчання Random Forest Regressor...
2025-02-03 10:58:38,598 - INFO - Регресія транзакцій завершена.
2025-02-03 10:58:38,894 - INFO - Розпочато завдання кластеризації клієнтів...
2025-02-03 10:58:38,901 - INFO - Навчання MiniBatchKMeans кластеризатора...
2025-02-03 10:58:39,506 - INFO - Обчислення Silhouette Score для MiniBatchKMeans...
2025-02-03 10:58:40,488 - INFO - Навчання Random Forest Classifier для кластеризації...
2025-02-03 10:58:46,307 - INFO - Обчислення Silhouette Score для Random Forest Classification...
2025-02-03 10:58:47,271 - INFO - Кластеризація клієнтів завершена.
2025-02-03 10:58:47,273 - INFO - Розпочато завдання виявлення залежностей...
2025-02-03 10:58:47,305 - INFO - Розділення даних на тренувальні та тестові...
2025-02-03 10:58:47,635 - INFO - Навчання Support Vector Machine...
2025-02-03 10:59:35,909 - INFO - Навчання Random Forest Classifier...
2025-02-03 10:59:43,694 - INFO - Виявлення залежностей завершено.
2025-02-03 11:00:39,769 - INFO - Генерація спарклайнів для топ-10 банків...
2025-02-03 11:00:40,584 - INFO - Генерація спарклайнів завершена.
2025-02-03 11:00:41,361 - INFO - Усі необхідні колонки присутні у df перед моделюванням.
2025-02-03 11:00:41,361 - INFO - Запуск Dash додатку...
2025-02-03 11:02:03,240 - INFO - Оновлення класифікації дефолту з фільтрами: ['Male', 'Female', 'Unknown'], [20, 60]
2025-02-03 11:02:03,275 - INFO - Оновлення регресії з фільтрами: ['Male', 'Female', 'Unknown'], [20, 60]
2025-02-03 11:02:03,276 - INFO - Оновлення кластеризації клієнтів з фільтрами: ['Male', 'Female', 'Unknown'], [20, 60]
2025-02-03 11:02:03,464 - INFO - Розпочато завдання класифікації дефолту...
2025-02-03 11:02:03,465 - INFO - Розпочато завдання регресії транзакцій...
2025-02-03 11:02:03,466 - INFO - Розпочато завдання кластеризації клієнтів...
2025-02-03 11:02:03,469 - INFO - Навчання MiniBatchKMeans кластеризатора...
2025-02-03 11:02:03,474 - INFO - Розділення даних на тренувальні та тестові...
2025-02-03 11:02:03,487 - INFO - Розділення даних на тренувальні та тестові...
2025-02-03 11:02:03,607 - INFO - Навчання Linear Regression...
2025-02-03 11:02:03,646 - INFO - Навчання Random Forest Regressor...
2025-02-03 11:02:03,650 - INFO - Навчання Logistic Regression...
2025-02-03 11:02:03,692 - INFO - Обчислення Silhouette Score для MiniBatchKMeans...
2025-02-03 11:02:06,021 - INFO - Навчання Random Forest Classifier для кластеризації...
2025-02-03 11:02:08,812 - INFO - Оновлення класифікації дефолту з фільтрами: ['Male', 'Female', 'Unknown'], [26, 60]
2025-02-03 11:02:08,889 - INFO - Оновлення регресії з фільтрами: ['Male', 'Female', 'Unknown'], [26, 60]
2025-02-03 11:02:08,991 - INFO - Оновлення кластеризації клієнтів з фільтрами: ['Male', 'Female', 'Unknown'], [26, 60]
2025-02-03 11:02:09,143 - INFO - Розпочато завдання класифікації дефолту...
2025-02-03 11:02:09,161 - INFO - Розпочато завдання регресії транзакцій...
2025-02-03 11:02:09,162 - INFO - Розділення даних на тренувальні та тестові...
2025-02-03 11:02:09,171 - INFO - Розділення даних на тренувальні та тестові...
2025-02-03 11:02:09,374 - INFO - Розпочато завдання кластеризації клієнтів...
2025-02-03 11:02:09,390 - INFO - Навчання MiniBatchKMeans кластеризатора...
2025-02-03 11:02:09,524 - INFO - Навчання Linear Regression...
2025-02-03 11:02:09,696 - INFO - Навчання Random Forest Regressor...
2025-02-03 11:02:09,779 - INFO - Навчання Logistic Regression...
2025-02-03 11:02:09,839 - INFO - Обчислення Silhouette Score для Random Forest Classification...
2025-02-03 11:02:14,675 - INFO - Кластеризація клієнтів завершена.
2025-02-03 11:02:17,284 - INFO - Навчання Random Forest Classifier...
2025-02-03 11:02:23,776 - INFO - Оновлення класифікації дефолту з фільтрами: ['Male', 'Female'], [26, 60]
2025-02-03 11:02:24,271 - INFO - Розпочато завдання класифікації дефолту...
2025-02-03 11:02:24,288 - INFO - Розділення даних на тренувальні та тестові...
2025-02-03 11:02:24,757 - INFO - Навчання Logistic Regression...
2025-02-03 11:02:26,210 - INFO - Навчання Random Forest Classifier...
2025-02-03 11:02:26,449 - INFO - Обчислення Silhouette Score для MiniBatchKMeans...
2025-02-03 11:02:26,936 - INFO - Класифікація дефолту завершена.
2025-02-03 11:02:28,052 - INFO - Оновлення регресії з фільтрами: ['Male', 'Female'], [26, 60]
2025-02-03 11:02:28,351 - INFO - Розпочато завдання регресії транзакцій...
2025-02-03 11:02:28,368 - INFO - Розділення даних на тренувальні та тестові...
2025-02-03 11:02:28,497 - INFO - Навчання Linear Regression...
2025-02-03 11:02:28,652 - INFO - Навчання Random Forest Regressor...
2025-02-03 11:02:33,225 - INFO - Навчання Random Forest Classifier для кластеризації...
2025-02-03 11:02:33,337 - INFO - Регресія транзакцій завершена.
2025-02-03 11:02:34,014 - INFO - Оновлення кластеризації клієнтів з фільтрами: ['Male', 'Female'], [26, 60]
2025-02-03 11:02:34,203 - INFO - Розпочато завдання кластеризації клієнтів...
2025-02-03 11:02:34,206 - INFO - Навчання MiniBatchKMeans кластеризатора...
2025-02-03 11:02:35,933 - INFO - Класифікація дефолту завершена.
2025-02-03 11:02:36,774 - INFO - Обчислення Silhouette Score для Random Forest Classification...
2025-02-03 11:02:37,197 - INFO - Обчислення Silhouette Score для MiniBatchKMeans...
2025-02-03 11:02:37,404 - INFO - Навчання Random Forest Classifier...
2025-02-03 11:02:38,424 - INFO - Регресія транзакцій завершена.
2025-02-03 11:02:40,197 - INFO - Кластеризація клієнтів завершена.
2025-02-03 11:02:41,730 - INFO - Навчання Random Forest Classifier для кластеризації...
2025-02-03 11:02:43,548 - INFO - Класифікація дефолту завершена.
2025-02-03 11:02:43,934 - INFO - Обчислення Silhouette Score для Random Forest Classification...
2025-02-03 11:02:45,069 - INFO - Кластеризація клієнтів завершена.
2025-02-03 11:03:52,505 - INFO - Регресія транзакцій завершена.
2025-02-03 11:04:27,660 - INFO - Оновлення класифікації дефолту з фільтрами: ['Male'], [26, 60]
2025-02-03 11:04:27,660 - INFO - Оновлення регресії з фільтрами: ['Male'], [26, 60]
2025-02-03 11:04:27,677 - INFO - Оновлення кластеризації клієнтів з фільтрами: ['Male'], [26, 60]
2025-02-03 11:04:27,772 - INFO - Розпочато завдання кластеризації клієнтів...
2025-02-03 11:04:27,773 - INFO - Розпочато завдання регресії транзакцій...
2025-02-03 11:04:27,773 - INFO - Розпочато завдання класифікації дефолту...
2025-02-03 11:04:27,774 - INFO - Навчання MiniBatchKMeans кластеризатора...
2025-02-03 11:04:27,778 - INFO - Розділення даних на тренувальні та тестові...
2025-02-03 11:04:27,783 - INFO - Розділення даних на тренувальні та тестові...
2025-02-03 11:04:27,833 - INFO - Навчання Linear Regression...
2025-02-03 11:04:27,849 - INFO - Навчання Random Forest Regressor...
2025-02-03 11:04:27,853 - INFO - Навчання Logistic Regression...
2025-02-03 11:04:28,339 - INFO - Навчання Random Forest Classifier...
2025-02-03 11:04:30,902 - INFO - Класифікація дефолту завершена.
2025-02-03 11:04:32,309 - INFO - Обчислення Silhouette Score для MiniBatchKMeans...
2025-02-03 11:04:34,114 - INFO - Навчання Random Forest Classifier для кластеризації...
2025-02-03 11:04:35,026 - INFO - Регресія транзакцій завершена.
2025-02-03 11:04:35,363 - INFO - Обчислення Silhouette Score для Random Forest Classification...
2025-02-03 11:04:36,458 - INFO - Кластеризація клієнтів завершена.
2025-02-03 11:22:18,545 - INFO - Усі необхідні файли знайдено.
2025-02-03 11:22:19,180 - INFO - Усі файли CSV успішно завантажено.
2025-02-03 11:22:19,180 - INFO - Файл trans: 1056320 рядків, 10 колонок
2025-02-03 11:22:19,180 - INFO - Файл loan: 682 рядків, 7 колонок
2025-02-03 11:22:19,180 - INFO - Файл account: 4500 рядків, 4 колонок
2025-02-03 11:22:19,180 - INFO - Файл client: 5369 рядків, 3 колонок
2025-02-03 11:22:19,180 - INFO - Файл disp: 5369 рядків, 4 колонок
2025-02-03 11:22:19,180 - INFO - disp.csv містить всі необхідні стовпці.
2025-02-03 11:22:19,180 - INFO - Починаємо злиття disp з client...
2025-02-03 11:22:19,182 - INFO - Після злиття disp з client: 5369 рядків
2025-02-03 11:22:19,182 - INFO - Починаємо злиття з account...
2025-02-03 11:22:19,184 - INFO - Після злиття з account: 5369 рядків
2025-02-03 11:22:19,184 - INFO - Починаємо злиття з trans...
2025-02-03 11:22:19,515 - INFO - Після злиття з trans: 1262625 рядків
2025-02-03 11:22:19,515 - INFO - Починаємо злиття з loan...
2025-02-03 11:22:19,755 - INFO - Після злиття з loan: 1262625 рядків
2025-02-03 11:22:19,755 - INFO - Розмір df після всіх злиттів: (1262625, 24)
2025-02-03 11:22:19,763 - INFO - Замінено NaN у 'loan_amount' на 0
2025-02-03 11:22:19,787 - INFO - 'loan_date' оброблено успішно.
2025-02-03 11:22:19,791 - INFO - Замінено NaN у 'trans_amount' на 0
2025-02-03 11:22:20,037 - INFO - 'trans_date' оброблено успішно.
2025-02-03 11:22:20,041 - INFO - Замінено NaN у 'balance' на 0
2025-02-03 11:22:20,041 - INFO - Починаємо обробку 'birth_number'...
2025-02-03 11:22:21,608 - INFO - Обробка 'birth_number' завершена.
2025-02-03 11:22:21,608 - INFO - Після обробки birth_number, розмір df: (1262625, 26) рядків
2025-02-03 11:22:21,608 - INFO - Усі необхідні числові стовпці присутні.
2025-02-03 11:22:21,608 - INFO - Перекодовування 'gender'...
2025-02-03 11:22:21,720 - INFO - Перекодовування 'trans_type'...
2025-02-03 11:22:21,860 - WARNING - 'loan_type' відсутній у даних. Призначаємо 0.
2025-02-03 11:22:21,862 - INFO - Починаємо масштабування числових даних...
2025-02-03 11:22:21,965 - INFO - Масштабування числових даних виконано успішно. Розмір df: (1262625, 30) рядків, 30 стовпців.
2025-02-03 11:22:21,965 - INFO - Генерація спарклайнів для топ-10 банків...
2025-02-03 11:22:22,752 - INFO - Генерація спарклайнів завершена.
2025-02-03 11:22:22,753 - INFO - Розпочато завдання класифікації дефолту...
2025-02-03 11:22:22,777 - INFO - Розділення даних на тренувальні та тестові...
2025-02-03 11:22:23,081 - INFO - Навчання Logistic Regression...
2025-02-03 11:22:25,500 - INFO - Навчання Random Forest Classifier...
2025-02-03 11:22:33,321 - INFO - Класифікація дефолту завершена.
2025-02-03 11:22:33,324 - INFO - Розпочато завдання регресії транзакцій...
2025-02-03 11:22:33,340 - INFO - Розділення даних на тренувальні та тестові...
2025-02-03 11:22:33,431 - INFO - Навчання Linear Regression...
2025-02-03 11:22:33,521 - INFO - Навчання Random Forest Regressor...
2025-02-03 11:23:26,309 - INFO - Регресія транзакцій завершена.
2025-02-03 11:23:26,516 - INFO - Розпочато завдання кластеризації клієнтів...
2025-02-03 11:23:26,530 - INFO - Навчання MiniBatchKMeans кластеризатора...
2025-02-03 11:23:27,143 - INFO - Обчислення Silhouette Score для MiniBatchKMeans...
2025-02-03 11:23:28,160 - INFO - Навчання Random Forest Classifier для кластеризації...
2025-02-03 11:23:34,042 - INFO - Обчислення Silhouette Score для Random Forest Classification...
2025-02-03 11:23:35,021 - INFO - Кластеризація клієнтів завершена.
2025-02-03 11:23:35,022 - INFO - Розпочато завдання виявлення залежностей...
2025-02-03 11:23:35,050 - INFO - Розділення даних на тренувальні та тестові...
2025-02-03 11:23:35,366 - INFO - Навчання Support Vector Machine...
2025-02-03 11:24:23,565 - INFO - Навчання Random Forest Classifier...
2025-02-03 11:24:30,879 - INFO - Виявлення залежностей завершено.
2025-02-03 11:25:27,067 - INFO - Генерація спарклайнів для топ-10 банків...
2025-02-03 11:25:27,846 - INFO - Генерація спарклайнів завершена.
2025-02-03 11:25:28,830 - INFO - Усі необхідні колонки присутні у df перед моделюванням.
2025-02-03 11:25:28,830 - INFO - Запуск Dash додатку...
2025-02-03 11:25:28,831 - INFO - Dash is running on http://127.0.0.1:8050/

2025-02-03 11:25:30,999 - INFO - Усі необхідні файли знайдено.
2025-02-03 11:25:31,660 - INFO - Усі файли CSV успішно завантажено.
2025-02-03 11:25:31,660 - INFO - Файл trans: 1056320 рядків, 10 колонок
2025-02-03 11:25:31,660 - INFO - Файл loan: 682 рядків, 7 колонок
2025-02-03 11:25:31,661 - INFO - Файл account: 4500 рядків, 4 колонок
2025-02-03 11:25:31,661 - INFO - Файл client: 5369 рядків, 3 колонок
2025-02-03 11:25:31,661 - INFO - Файл disp: 5369 рядків, 4 колонок
2025-02-03 11:25:31,661 - INFO - disp.csv містить всі необхідні стовпці.
2025-02-03 11:25:31,661 - INFO - Починаємо злиття disp з client...
2025-02-03 11:25:31,662 - INFO - Після злиття disp з client: 5369 рядків
2025-02-03 11:25:31,662 - INFO - Починаємо злиття з account...
2025-02-03 11:25:31,664 - INFO - Після злиття з account: 5369 рядків
2025-02-03 11:25:31,664 - INFO - Починаємо злиття з trans...
2025-02-03 11:25:31,960 - INFO - Після злиття з trans: 1262625 рядків
2025-02-03 11:25:31,960 - INFO - Починаємо злиття з loan...
2025-02-03 11:25:32,166 - INFO - Після злиття з loan: 1262625 рядків
2025-02-03 11:25:32,167 - INFO - Розмір df після всіх злиттів: (1262625, 24)
2025-02-03 11:25:32,174 - INFO - Замінено NaN у 'loan_amount' на 0
2025-02-03 11:25:32,197 - INFO - 'loan_date' оброблено успішно.
2025-02-03 11:25:32,201 - INFO - Замінено NaN у 'trans_amount' на 0
2025-02-03 11:25:32,448 - INFO - 'trans_date' оброблено успішно.
2025-02-03 11:25:32,452 - INFO - Замінено NaN у 'balance' на 0
2025-02-03 11:25:32,452 - INFO - Починаємо обробку 'birth_number'...
2025-02-03 11:25:33,970 - INFO - Обробка 'birth_number' завершена.
2025-02-03 11:25:33,970 - INFO - Після обробки birth_number, розмір df: (1262625, 26) рядків
2025-02-03 11:25:33,970 - INFO - Усі необхідні числові стовпці присутні.
2025-02-03 11:25:33,970 - INFO - Перекодовування 'gender'...
2025-02-03 11:25:34,072 - INFO - Перекодовування 'trans_type'...
2025-02-03 11:25:34,214 - WARNING - 'loan_type' відсутній у даних. Призначаємо 0.
2025-02-03 11:25:34,215 - INFO - Починаємо масштабування числових даних...
2025-02-03 11:25:34,316 - INFO - Масштабування числових даних виконано успішно. Розмір df: (1262625, 30) рядків, 30 стовпців.
2025-02-03 11:25:34,316 - INFO - Генерація спарклайнів для топ-10 банків...
2025-02-03 11:25:35,074 - INFO - Генерація спарклайнів завершена.
2025-02-03 11:25:35,075 - INFO - Розпочато завдання класифікації дефолту...
2025-02-03 11:25:35,100 - INFO - Розділення даних на тренувальні та тестові...
2025-02-03 11:25:35,415 - INFO - Навчання Logistic Regression...
2025-02-03 11:25:37,552 - INFO - Навчання Random Forest Classifier...
2025-02-03 11:25:45,083 - INFO - Класифікація дефолту завершена.
2025-02-03 11:25:45,088 - INFO - Розпочато завдання регресії транзакцій...
2025-02-03 11:25:45,103 - INFO - Розділення даних на тренувальні та тестові...
2025-02-03 11:25:45,189 - INFO - Навчання Linear Regression...
2025-02-03 11:25:45,272 - INFO - Навчання Random Forest Regressor...
2025-02-03 11:26:37,996 - INFO - Регресія транзакцій завершена.
2025-02-03 11:26:38,317 - INFO - Розпочато завдання кластеризації клієнтів...
2025-02-03 11:26:38,324 - INFO - Навчання MiniBatchKMeans кластеризатора...
2025-02-03 11:26:39,063 - INFO - Обчислення Silhouette Score для MiniBatchKMeans...
2025-02-03 11:26:40,089 - INFO - Навчання Random Forest Classifier для кластеризації...
2025-02-03 11:26:46,193 - INFO - Обчислення Silhouette Score для Random Forest Classification...
2025-02-03 11:26:47,253 - INFO - Кластеризація клієнтів завершена.
2025-02-03 11:26:47,254 - INFO - Розпочато завдання виявлення залежностей...
2025-02-03 11:26:47,293 - INFO - Розділення даних на тренувальні та тестові...
2025-02-03 11:26:47,674 - INFO - Навчання Support Vector Machine...
2025-02-03 11:27:37,797 - INFO - Навчання Random Forest Classifier...
2025-02-03 11:27:45,380 - INFO - Виявлення залежностей завершено.
2025-02-03 11:28:43,855 - INFO - Генерація спарклайнів для топ-10 банків...
2025-02-03 11:28:44,663 - INFO - Генерація спарклайнів завершена.
2025-02-03 11:28:45,473 - INFO - Усі необхідні колонки присутні у df перед моделюванням.
2025-02-03 11:28:45,473 - INFO - Запуск Dash додатку...
2025-02-03 11:31:54,013 - INFO - Оновлення класифікації дефолту з фільтрами: ['Male', 'Female', 'Unknown'], [20, 60]
2025-02-03 11:31:54,041 - INFO - Оновлення регресії з фільтрами: ['Male', 'Female', 'Unknown'], [20, 60]
2025-02-03 11:31:54,066 - INFO - Оновлення кластеризації клієнтів з фільтрами: ['Male', 'Female', 'Unknown'], [20, 60]
2025-02-03 11:31:54,200 - INFO - Розпочато завдання кластеризації клієнтів...
2025-02-03 11:31:54,200 - INFO - Розпочато завдання регресії транзакцій...
2025-02-03 11:31:54,200 - INFO - Розпочато завдання класифікації дефолту...
2025-02-03 11:31:54,203 - INFO - Навчання MiniBatchKMeans кластеризатора...
2025-02-03 11:31:54,207 - INFO - Розділення даних на тренувальні та тестові...
2025-02-03 11:31:54,219 - INFO - Розділення даних на тренувальні та тестові...
2025-02-03 11:31:54,325 - INFO - Навчання Linear Regression...
2025-02-03 11:31:54,365 - INFO - Навчання Random Forest Regressor...
2025-02-03 11:31:54,400 - INFO - Навчання Logistic Regression...
2025-02-03 11:31:54,404 - INFO - Обчислення Silhouette Score для MiniBatchKMeans...
2025-02-03 11:31:56,875 - INFO - Навчання Random Forest Classifier для кластеризації...
2025-02-03 11:32:00,675 - INFO - Обчислення Silhouette Score для Random Forest Classification...
2025-02-03 11:32:00,905 - INFO - Оновлення класифікації дефолту з фільтрами: ['Male', 'Unknown'], [20, 60]
2025-02-03 11:32:00,996 - INFO - Оновлення регресії з фільтрами: ['Male', 'Unknown'], [20, 60]
2025-02-03 11:32:01,059 - INFO - Оновлення кластеризації клієнтів з фільтрами: ['Male', 'Unknown'], [20, 60]
2025-02-03 11:32:01,193 - INFO - Розпочато завдання класифікації дефолту...
2025-02-03 11:32:01,223 - INFO - Розділення даних на тренувальні та тестові...
2025-02-03 11:32:01,230 - INFO - Розпочато завдання кластеризації клієнтів...
2025-02-03 11:32:01,231 - INFO - Розпочато завдання регресії транзакцій...
2025-02-03 11:32:01,233 - INFO - Навчання MiniBatchKMeans кластеризатора...
2025-02-03 11:32:01,249 - INFO - Розділення даних на тренувальні та тестові...
2025-02-03 11:32:01,354 - INFO - Навчання Linear Regression...
2025-02-03 11:32:01,370 - INFO - Навчання Logistic Regression...
2025-02-03 11:32:01,384 - INFO - Навчання Random Forest Regressor...
2025-02-03 11:32:03,251 - INFO - Кластеризація клієнтів завершена.
2025-02-03 11:32:05,259 - INFO - Навчання Random Forest Classifier...
2025-02-03 11:32:05,340 - INFO - Навчання Random Forest Classifier...
2025-02-03 11:32:15,249 - INFO - Класифікація дефолту завершена.
2025-02-03 11:32:16,543 - INFO - Регресія транзакцій завершена.
2025-02-03 11:32:16,836 - INFO - Обчислення Silhouette Score для MiniBatchKMeans...
2025-02-03 11:32:18,460 - INFO - Регресія транзакцій завершена.
2025-02-03 11:32:18,899 - INFO - Навчання Random Forest Classifier для кластеризації...
2025-02-03 11:32:19,622 - INFO - Обчислення Silhouette Score для Random Forest Classification...
2025-02-03 11:32:20,594 - INFO - Кластеризація клієнтів завершена.
2025-02-03 11:32:38,386 - INFO - Класифікація дефолту завершена.
